<!DOCTYPE html PUBLIC "-//W3C//DTD XHTML 1.0 Transitional//EN" "http://www.w3.org/TR/xhtml1/DTD/xhtml1-transitional.dtd">
<!-- Generated by Apache Maven Doxia Site Renderer 1.4 at 2016-04-06 -->
<html xmlns="http://www.w3.org/1999/xhtml" xml:lang="en" lang="en">
  <head>
    <meta http-equiv="Content-Type" content="text/html; charset=UTF-8" />
    <title>myJunit - Surefire Report</title>
    <style type="text/css" media="all">
      @import url("./css/maven-base.css");
      @import url("./css/maven-theme.css");
      @import url("./css/site.css");
    </style>
    <link rel="stylesheet" href="./css/print.css" type="text/css" media="print" />
    <meta name="Date-Revision-yyyymmdd" content="20160406" />
    <meta http-equiv="Content-Language" content="en" />
        
        </head>
  <body class="composite">
    <div id="banner">
                    <div id="bannerLeft">
                myJunit
                </div>
                    <div class="clear">
        <hr/>
      </div>
    </div>
    <div id="breadcrumbs">
            
                    
                <div class="xleft">
        <span id="publishDate">Last Published: 2016-04-06</span>
                  &nbsp;| <span id="projectVersion">Version: 1.2</span>
                      </div>
            <div class="xright">                    <a href="./" title="myJunit">myJunit</a>
              
                    
      </div>
      <div class="clear">
        <hr/>
      </div>
    </div>
    <div id="leftColumn">
      <div id="navcolumn">
             
                    
                                          <h5>Project Documentation</h5>
                  <ul>
                                                                                                                                                                                <li class="collapsed">
                          <a href="project-info.html" title="Project Information">Project Information</a>
                  </li>
                                                                              <li class="expanded">
                          <a href="project-reports.html" title="Project Reports">Project Reports</a>
                    <ul>
                      <li class="none">
            <strong>Surefire Report</strong>
          </li>
              </ul>
        </li>
          </ul>
                             <a href="http://maven.apache.org/" title="Built by Maven" class="poweredBy">
        <img class="poweredBy" alt="Built by Maven" src="./images/logos/maven-feather.png" />
      </a>
                   
                    
            </div>
    </div>
    <div id="bodyColumn">
      <div id="contentBox">
        <script type="text/javascript">
//<![CDATA[
function toggleDisplay(elementId) {
 var elm = document.getElementById(elementId + 'error');
 if (elm && typeof elm.style != "undefined") {
 if (elm.style.display == "none") {
 elm.style.display = "";
 document.getElementById(elementId + 'off').style.display = "none";
 document.getElementById(elementId + 'on').style.display = "inline";
 } else if (elm.style.display == "") { elm.style.display = "none";
 document.getElementById(elementId + 'off').style.display = "inline";
 document.getElementById(elementId + 'on').style.display = "none";
 } 
 } 
 }
//]]>
</script>
<div class="section">
<h2>Surefire Report<a name="Surefire_Report"></a></h2></div>
<div class="section">
<h2>Summary<a name="Summary"></a></h2><a name="Summary"></a>
<p>[<a href="#Summary">Summary</a>] [<a href="#Package_List">Package List</a>] [<a href="#Test_Cases">Test Cases</a>]</p><br />
<table border="1" class="bodyTable">
<tr class="a">
<th>Tests</th>
<th>Errors </th>
<th>Failures</th>
<th>Skipped</th>
<th>Success Rate</th>
<th>Time</th></tr>
<tr class="b">
<td>10</td>
<td>0</td>
<td>4</td>
<td>2</td>
<td>40%</td>
<td>0.011</td></tr></table><br />
<p>Note: failures are anticipated and checked for with assertions while errors are unanticipated.</p><br /></div>
<div class="section">
<h2>Package List<a name="Package_List"></a></h2><a name="Package_List"></a>
<p>[<a href="#Summary">Summary</a>] [<a href="#Package_List">Package List</a>] [<a href="#Test_Cases">Test Cases</a>]</p><br />
<table border="1" class="bodyTable">
<tr class="a">
<th>Package</th>
<th>Tests</th>
<th>Errors </th>
<th>Failures</th>
<th>Skipped</th>
<th>Success Rate</th>
<th>Time</th></tr>
<tr class="b">
<td><a href="#core">core</a></td>
<td>10</td>
<td>0</td>
<td>4</td>
<td>2</td>
<td>40%</td>
<td>0.011</td></tr></table><br />
<p>Note: package statistics are not computed recursively, they only sum up all of its testsuites numbers.</p>
<div class="section">
<h3>core<a name="core"></a></h3><a name="core"></a>
<table border="1" class="bodyTable">
<tr class="a">
<th></th>
<th>Class</th>
<th>Tests</th>
<th>Errors </th>
<th>Failures</th>
<th>Skipped</th>
<th>Success Rate</th>
<th>Time</th></tr>
<tr class="b">
<td><a href="#coreMyAppTest"><img src="images/icon_warning_sml.gif" alt="" /></a></td>
<td><a href="#coreMyAppTest">MyAppTest</a></td>
<td>10</td>
<td>0</td>
<td>4</td>
<td>2</td>
<td>40%</td>
<td>0.011</td></tr></table></div><br /></div>
<div class="section">
<h2>Test Cases<a name="Test_Cases"></a></h2><a name="Test_Cases"></a>
<p>[<a href="#Summary">Summary</a>] [<a href="#Package_List">Package List</a>] [<a href="#Test_Cases">Test Cases</a>]</p>
<div class="section">
<h3>MyAppTest<a name="MyAppTest"></a></h3><a name="coreMyAppTest"></a>
<table border="1" class="bodyTable">
<tr class="a">
<td><a href="#core.MyAppTest.test_02_assertEquals_Negative"><img src="images/icon_error_sml.gif" alt="" /></a></td>
<td><a name="TC_core.MyAppTest.test_02_assertEquals_Negative"></a><a href="#core.MyAppTest.test_02_assertEquals_Negative">test_02_assertEquals_Negative</a>
<div class="detailToggle" style="display:inline"><a href="javascript:toggleDisplay(&apos;core.MyAppTest.test_02_assertEquals_Negative&apos;);"><span style="display:inline;" id="core.MyAppTest.test_02_assertEquals_Negativeoff"> + </span><span style="display:none;" id="core.MyAppTest.test_02_assertEquals_Negativeon"> - </span>[ Detail ]</a></div></td>
<td>0.007</td></tr>
<tr class="b">
<td></td>
<td>String not the same expected:&lt;Testing [TestNG6]&gt; but was:&lt;Testing [Junit4]&gt;</td>
<td></td></tr>
<tr class="a">
<td></td>
<td>
<div id="core.MyAppTest.test_02_assertEquals_Negativeerror" style="display:none;">
<div>
<pre>org.junit.ComparisonFailure: String not the same expected:&lt;Testing [TestNG6]&gt; but was:&lt;Testing [Junit4]&gt;
	at org.junit.Assert.assertEquals(Assert.java:115)
	at core.MyAppTest.test_02_assertEquals_Negative(MyAppTest.java:37)
	at sun.reflect.NativeMethodAccessorImpl.invoke0(Native Method)
	at sun.reflect.NativeMethodAccessorImpl.invoke(NativeMethodAccessorImpl.java:62)
	at sun.reflect.DelegatingMethodAccessorImpl.invoke(DelegatingMethodAccessorImpl.java:43)
	at java.lang.reflect.Method.invoke(Method.java:497)
	at org.junit.runners.model.FrameworkMethod$1.runReflectiveCall(FrameworkMethod.java:50)
	at org.junit.internal.runners.model.ReflectiveCallable.run(ReflectiveCallable.java:12)
	at org.junit.runners.model.FrameworkMethod.invokeExplosively(FrameworkMethod.java:47)
	at org.junit.internal.runners.statements.InvokeMethod.evaluate(InvokeMethod.java:17)
	at org.junit.internal.runners.statements.RunBefores.evaluate(RunBefores.java:26)
	at org.junit.internal.runners.statements.RunAfters.evaluate(RunAfters.java:27)
	at org.junit.runners.ParentRunner.runLeaf(ParentRunner.java:325)
	at org.junit.runners.BlockJUnit4ClassRunner.runChild(BlockJUnit4ClassRunner.java:78)
	at org.junit.runners.BlockJUnit4ClassRunner.runChild(BlockJUnit4ClassRunner.java:57)
	at org.junit.runners.ParentRunner$3.run(ParentRunner.java:290)
	at org.junit.runners.ParentRunner$1.schedule(ParentRunner.java:71)
	at org.junit.runners.ParentRunner.runChildren(ParentRunner.java:288)
	at org.junit.runners.ParentRunner.access$000(ParentRunner.java:58)
	at org.junit.runners.ParentRunner$2.evaluate(ParentRunner.java:268)
	at org.junit.internal.runners.statements.RunBefores.evaluate(RunBefores.java:26)
	at org.junit.internal.runners.statements.RunAfters.evaluate(RunAfters.java:27)
	at org.junit.runners.ParentRunner.run(ParentRunner.java:363)
	at org.apache.maven.surefire.junit4.JUnit4Provider.execute(JUnit4Provider.java:252)
	at org.apache.maven.surefire.junit4.JUnit4Provider.executeTestSet(JUnit4Provider.java:141)
	at org.apache.maven.surefire.junit4.JUnit4Provider.invoke(JUnit4Provider.java:112)
	at sun.reflect.NativeMethodAccessorImpl.invoke0(Native Method)
	at sun.reflect.NativeMethodAccessorImpl.invoke(NativeMethodAccessorImpl.java:62)
	at sun.reflect.DelegatingMethodAccessorImpl.invoke(DelegatingMethodAccessorImpl.java:43)
	at java.lang.reflect.Method.invoke(Method.java:497)
	at org.apache.maven.surefire.util.ReflectionUtils.invokeMethodWithArray(ReflectionUtils.java:189)
	at org.apache.maven.surefire.booter.ProviderFactory$ProviderProxy.invoke(ProviderFactory.java:165)
	at org.apache.maven.surefire.booter.ProviderFactory.invokeProvider(ProviderFactory.java:85)
	at org.apache.maven.surefire.booter.ForkedBooter.runSuitesInProcess(ForkedBooter.java:115)
	at org.apache.maven.surefire.booter.ForkedBooter.main(ForkedBooter.java:75)</pre></div></div></td>
<td></td></tr>
<tr class="b">
<td><img src="images/icon_success_sml.gif" alt="" /></td>
<td><a name="TC_core.MyAppTest.test_04_assertSame_Positive"></a>test_04_assertSame_Positive</td>
<td>0</td></tr>
<tr class="a">
<td><a href="#core.MyAppTest.test_05_assertSame_Negative"><img src="images/icon_error_sml.gif" alt="" /></a></td>
<td><a name="TC_core.MyAppTest.test_05_assertSame_Negative"></a><a href="#core.MyAppTest.test_05_assertSame_Negative">test_05_assertSame_Negative</a>
<div class="detailToggle" style="display:inline"><a href="javascript:toggleDisplay(&apos;core.MyAppTest.test_05_assertSame_Negative&apos;);"><span style="display:inline;" id="core.MyAppTest.test_05_assertSame_Negativeoff"> + </span><span style="display:none;" id="core.MyAppTest.test_05_assertSame_Negativeon"> - </span>[ Detail ]</a></div></td>
<td>0.001</td></tr>
<tr class="b">
<td></td>
<td>Integer not the same expected same:&lt;22&gt; was not:&lt;33&gt;</td>
<td></td></tr>
<tr class="a">
<td></td>
<td>
<div id="core.MyAppTest.test_05_assertSame_Negativeerror" style="display:none;">
<div>
<pre>java.lang.AssertionError: Integer not the same expected same:&lt;22&gt; was not:&lt;33&gt;
	at org.junit.Assert.fail(Assert.java:88)
	at org.junit.Assert.failNotSame(Assert.java:828)
	at org.junit.Assert.assertSame(Assert.java:771)
	at core.MyAppTest.test_05_assertSame_Negative(MyAppTest.java:54)
	at sun.reflect.NativeMethodAccessorImpl.invoke0(Native Method)
	at sun.reflect.NativeMethodAccessorImpl.invoke(NativeMethodAccessorImpl.java:62)
	at sun.reflect.DelegatingMethodAccessorImpl.invoke(DelegatingMethodAccessorImpl.java:43)
	at java.lang.reflect.Method.invoke(Method.java:497)
	at org.junit.runners.model.FrameworkMethod$1.runReflectiveCall(FrameworkMethod.java:50)
	at org.junit.internal.runners.model.ReflectiveCallable.run(ReflectiveCallable.java:12)
	at org.junit.runners.model.FrameworkMethod.invokeExplosively(FrameworkMethod.java:47)
	at org.junit.internal.runners.statements.InvokeMethod.evaluate(InvokeMethod.java:17)
	at org.junit.internal.runners.statements.RunBefores.evaluate(RunBefores.java:26)
	at org.junit.internal.runners.statements.RunAfters.evaluate(RunAfters.java:27)
	at org.junit.runners.ParentRunner.runLeaf(ParentRunner.java:325)
	at org.junit.runners.BlockJUnit4ClassRunner.runChild(BlockJUnit4ClassRunner.java:78)
	at org.junit.runners.BlockJUnit4ClassRunner.runChild(BlockJUnit4ClassRunner.java:57)
	at org.junit.runners.ParentRunner$3.run(ParentRunner.java:290)
	at org.junit.runners.ParentRunner$1.schedule(ParentRunner.java:71)
	at org.junit.runners.ParentRunner.runChildren(ParentRunner.java:288)
	at org.junit.runners.ParentRunner.access$000(ParentRunner.java:58)
	at org.junit.runners.ParentRunner$2.evaluate(ParentRunner.java:268)
	at org.junit.internal.runners.statements.RunBefores.evaluate(RunBefores.java:26)
	at org.junit.internal.runners.statements.RunAfters.evaluate(RunAfters.java:27)
	at org.junit.runners.ParentRunner.run(ParentRunner.java:363)
	at org.apache.maven.surefire.junit4.JUnit4Provider.execute(JUnit4Provider.java:252)
	at org.apache.maven.surefire.junit4.JUnit4Provider.executeTestSet(JUnit4Provider.java:141)
	at org.apache.maven.surefire.junit4.JUnit4Provider.invoke(JUnit4Provider.java:112)
	at sun.reflect.NativeMethodAccessorImpl.invoke0(Native Method)
	at sun.reflect.NativeMethodAccessorImpl.invoke(NativeMethodAccessorImpl.java:62)
	at sun.reflect.DelegatingMethodAccessorImpl.invoke(DelegatingMethodAccessorImpl.java:43)
	at java.lang.reflect.Method.invoke(Method.java:497)
	at org.apache.maven.surefire.util.ReflectionUtils.invokeMethodWithArray(ReflectionUtils.java:189)
	at org.apache.maven.surefire.booter.ProviderFactory$ProviderProxy.invoke(ProviderFactory.java:165)
	at org.apache.maven.surefire.booter.ProviderFactory.invokeProvider(ProviderFactory.java:85)
	at org.apache.maven.surefire.booter.ForkedBooter.runSuitesInProcess(ForkedBooter.java:115)
	at org.apache.maven.surefire.booter.ForkedBooter.main(ForkedBooter.java:75)</pre></div></div></td>
<td></td></tr>
<tr class="b">
<td><img src="images/icon_success_sml.gif" alt="" /></td>
<td><a name="TC_core.MyAppTest.test_07_assertFalse_Positive"></a>test_07_assertFalse_Positive</td>
<td>0</td></tr>
<tr class="a">
<td><a href="#core.MyAppTest.test_03_assertEquals_Ignored"><img src="images/icon_warning_sml.gif" alt="" /></a></td>
<td><a name="TC_core.MyAppTest.test_03_assertEquals_Ignored"></a><a href="#core.MyAppTest.test_03_assertEquals_Ignored">test_03_assertEquals_Ignored</a>
<div class="detailToggle" style="display:inline"><a href="javascript:toggleDisplay(&apos;core.MyAppTest.test_03_assertEquals_Ignored&apos;);"><span style="display:inline;" id="core.MyAppTest.test_03_assertEquals_Ignoredoff"> + </span><span style="display:none;" id="core.MyAppTest.test_03_assertEquals_Ignoredon"> - </span>[ Detail ]</a></div></td>
<td>0</td></tr>
<tr class="b">
<td></td>
<td>skipped</td>
<td></td></tr>
<tr class="a">
<td><img src="images/icon_success_sml.gif" alt="" /></td>
<td><a name="TC_core.MyAppTest.test_09_assertTrue_Positive"></a>test_09_assertTrue_Positive</td>
<td>0</td></tr>
<tr class="b">
<td><a href="#core.MyAppTest.test_10_assertTrue_Negative"><img src="images/icon_error_sml.gif" alt="" /></a></td>
<td><a name="TC_core.MyAppTest.test_10_assertTrue_Negative"></a><a href="#core.MyAppTest.test_10_assertTrue_Negative">test_10_assertTrue_Negative</a>
<div class="detailToggle" style="display:inline"><a href="javascript:toggleDisplay(&apos;core.MyAppTest.test_10_assertTrue_Negative&apos;);"><span style="display:inline;" id="core.MyAppTest.test_10_assertTrue_Negativeoff"> + </span><span style="display:none;" id="core.MyAppTest.test_10_assertTrue_Negativeon"> - </span>[ Detail ]</a></div></td>
<td>0.001</td></tr>
<tr class="a">
<td></td>
<td>Boolean should be true</td>
<td></td></tr>
<tr class="b">
<td></td>
<td>
<div id="core.MyAppTest.test_10_assertTrue_Negativeerror" style="display:none;">
<div>
<pre>java.lang.AssertionError: Boolean should be true
	at org.junit.Assert.fail(Assert.java:88)
	at org.junit.Assert.assertTrue(Assert.java:41)
	at core.MyAppTest.test_10_assertTrue_Negative(MyAppTest.java:81)
	at sun.reflect.NativeMethodAccessorImpl.invoke0(Native Method)
	at sun.reflect.NativeMethodAccessorImpl.invoke(NativeMethodAccessorImpl.java:62)
	at sun.reflect.DelegatingMethodAccessorImpl.invoke(DelegatingMethodAccessorImpl.java:43)
	at java.lang.reflect.Method.invoke(Method.java:497)
	at org.junit.runners.model.FrameworkMethod$1.runReflectiveCall(FrameworkMethod.java:50)
	at org.junit.internal.runners.model.ReflectiveCallable.run(ReflectiveCallable.java:12)
	at org.junit.runners.model.FrameworkMethod.invokeExplosively(FrameworkMethod.java:47)
	at org.junit.internal.runners.statements.InvokeMethod.evaluate(InvokeMethod.java:17)
	at org.junit.internal.runners.statements.RunBefores.evaluate(RunBefores.java:26)
	at org.junit.internal.runners.statements.RunAfters.evaluate(RunAfters.java:27)
	at org.junit.runners.ParentRunner.runLeaf(ParentRunner.java:325)
	at org.junit.runners.BlockJUnit4ClassRunner.runChild(BlockJUnit4ClassRunner.java:78)
	at org.junit.runners.BlockJUnit4ClassRunner.runChild(BlockJUnit4ClassRunner.java:57)
	at org.junit.runners.ParentRunner$3.run(ParentRunner.java:290)
	at org.junit.runners.ParentRunner$1.schedule(ParentRunner.java:71)
	at org.junit.runners.ParentRunner.runChildren(ParentRunner.java:288)
	at org.junit.runners.ParentRunner.access$000(ParentRunner.java:58)
	at org.junit.runners.ParentRunner$2.evaluate(ParentRunner.java:268)
	at org.junit.internal.runners.statements.RunBefores.evaluate(RunBefores.java:26)
	at org.junit.internal.runners.statements.RunAfters.evaluate(RunAfters.java:27)
	at org.junit.runners.ParentRunner.run(ParentRunner.java:363)
	at org.apache.maven.surefire.junit4.JUnit4Provider.execute(JUnit4Provider.java:252)
	at org.apache.maven.surefire.junit4.JUnit4Provider.executeTestSet(JUnit4Provider.java:141)
	at org.apache.maven.surefire.junit4.JUnit4Provider.invoke(JUnit4Provider.java:112)
	at sun.reflect.NativeMethodAccessorImpl.invoke0(Native Method)
	at sun.reflect.NativeMethodAccessorImpl.invoke(NativeMethodAccessorImpl.java:62)
	at sun.reflect.DelegatingMethodAccessorImpl.invoke(DelegatingMethodAccessorImpl.java:43)
	at java.lang.reflect.Method.invoke(Method.java:497)
	at org.apache.maven.surefire.util.ReflectionUtils.invokeMethodWithArray(ReflectionUtils.java:189)
	at org.apache.maven.surefire.booter.ProviderFactory$ProviderProxy.invoke(ProviderFactory.java:165)
	at org.apache.maven.surefire.booter.ProviderFactory.invokeProvider(ProviderFactory.java:85)
	at org.apache.maven.surefire.booter.ForkedBooter.runSuitesInProcess(ForkedBooter.java:115)
	at org.apache.maven.surefire.booter.ForkedBooter.main(ForkedBooter.java:75)</pre></div></div></td>
<td></td></tr>
<tr class="a">
<td><a href="#core.MyAppTest.test_06_assertSame_Ignored"><img src="images/icon_warning_sml.gif" alt="" /></a></td>
<td><a name="TC_core.MyAppTest.test_06_assertSame_Ignored"></a><a href="#core.MyAppTest.test_06_assertSame_Ignored">test_06_assertSame_Ignored</a>
<div class="detailToggle" style="display:inline"><a href="javascript:toggleDisplay(&apos;core.MyAppTest.test_06_assertSame_Ignored&apos;);"><span style="display:inline;" id="core.MyAppTest.test_06_assertSame_Ignoredoff"> + </span><span style="display:none;" id="core.MyAppTest.test_06_assertSame_Ignoredon"> - </span>[ Detail ]</a></div></td>
<td>0.001</td></tr>
<tr class="b">
<td></td>
<td>skipped</td>
<td></td></tr>
<tr class="a">
<td><img src="images/icon_success_sml.gif" alt="" /></td>
<td><a name="TC_core.MyAppTest.test_01_assertEquals_Positive"></a>test_01_assertEquals_Positive</td>
<td>0</td></tr>
<tr class="b">
<td><a href="#core.MyAppTest.test_08_assertFalse_Negative"><img src="images/icon_error_sml.gif" alt="" /></a></td>
<td><a name="TC_core.MyAppTest.test_08_assertFalse_Negative"></a><a href="#core.MyAppTest.test_08_assertFalse_Negative">test_08_assertFalse_Negative</a>
<div class="detailToggle" style="display:inline"><a href="javascript:toggleDisplay(&apos;core.MyAppTest.test_08_assertFalse_Negative&apos;);"><span style="display:inline;" id="core.MyAppTest.test_08_assertFalse_Negativeoff"> + </span><span style="display:none;" id="core.MyAppTest.test_08_assertFalse_Negativeon"> - </span>[ Detail ]</a></div></td>
<td>0.001</td></tr>
<tr class="a">
<td></td>
<td>Boolean should be false</td>
<td></td></tr>
<tr class="b">
<td></td>
<td>
<div id="core.MyAppTest.test_08_assertFalse_Negativeerror" style="display:none;">
<div>
<pre>java.lang.AssertionError: Boolean should be false
	at org.junit.Assert.fail(Assert.java:88)
	at org.junit.Assert.assertTrue(Assert.java:41)
	at org.junit.Assert.assertFalse(Assert.java:64)
	at core.MyAppTest.test_08_assertFalse_Negative(MyAppTest.java:71)
	at sun.reflect.NativeMethodAccessorImpl.invoke0(Native Method)
	at sun.reflect.NativeMethodAccessorImpl.invoke(NativeMethodAccessorImpl.java:62)
	at sun.reflect.DelegatingMethodAccessorImpl.invoke(DelegatingMethodAccessorImpl.java:43)
	at java.lang.reflect.Method.invoke(Method.java:497)
	at org.junit.runners.model.FrameworkMethod$1.runReflectiveCall(FrameworkMethod.java:50)
	at org.junit.internal.runners.model.ReflectiveCallable.run(ReflectiveCallable.java:12)
	at org.junit.runners.model.FrameworkMethod.invokeExplosively(FrameworkMethod.java:47)
	at org.junit.internal.runners.statements.InvokeMethod.evaluate(InvokeMethod.java:17)
	at org.junit.internal.runners.statements.RunBefores.evaluate(RunBefores.java:26)
	at org.junit.internal.runners.statements.RunAfters.evaluate(RunAfters.java:27)
	at org.junit.runners.ParentRunner.runLeaf(ParentRunner.java:325)
	at org.junit.runners.BlockJUnit4ClassRunner.runChild(BlockJUnit4ClassRunner.java:78)
	at org.junit.runners.BlockJUnit4ClassRunner.runChild(BlockJUnit4ClassRunner.java:57)
	at org.junit.runners.ParentRunner$3.run(ParentRunner.java:290)
	at org.junit.runners.ParentRunner$1.schedule(ParentRunner.java:71)
	at org.junit.runners.ParentRunner.runChildren(ParentRunner.java:288)
	at org.junit.runners.ParentRunner.access$000(ParentRunner.java:58)
	at org.junit.runners.ParentRunner$2.evaluate(ParentRunner.java:268)
	at org.junit.internal.runners.statements.RunBefores.evaluate(RunBefores.java:26)
	at org.junit.internal.runners.statements.RunAfters.evaluate(RunAfters.java:27)
	at org.junit.runners.ParentRunner.run(ParentRunner.java:363)
	at org.apache.maven.surefire.junit4.JUnit4Provider.execute(JUnit4Provider.java:252)
	at org.apache.maven.surefire.junit4.JUnit4Provider.executeTestSet(JUnit4Provider.java:141)
	at org.apache.maven.surefire.junit4.JUnit4Provider.invoke(JUnit4Provider.java:112)
	at sun.reflect.NativeMethodAccessorImpl.invoke0(Native Method)
	at sun.reflect.NativeMethodAccessorImpl.invoke(NativeMethodAccessorImpl.java:62)
	at sun.reflect.DelegatingMethodAccessorImpl.invoke(DelegatingMethodAccessorImpl.java:43)
	at java.lang.reflect.Method.invoke(Method.java:497)
	at org.apache.maven.surefire.util.ReflectionUtils.invokeMethodWithArray(ReflectionUtils.java:189)
	at org.apache.maven.surefire.booter.ProviderFactory$ProviderProxy.invoke(ProviderFactory.java:165)
	at org.apache.maven.surefire.booter.ProviderFactory.invokeProvider(ProviderFactory.java:85)
	at org.apache.maven.surefire.booter.ForkedBooter.runSuitesInProcess(ForkedBooter.java:115)
	at org.apache.maven.surefire.booter.ForkedBooter.main(ForkedBooter.java:75)</pre></div></div></td>
<td></td></tr></table></div><br /></div>
<div class="section">
<h2>Failure Details<a name="Failure_Details"></a></h2><a name="Failure_Details"></a>
<p>[<a href="#Summary">Summary</a>] [<a href="#Package_List">Package List</a>] [<a href="#Test_Cases">Test Cases</a>]</p><br />
<table border="1" class="bodyTable">
<tr class="a">
<td><img src="images/icon_error_sml.gif" alt="" /></td>
<td><a name="core.MyAppTest.test_02_assertEquals_Negative"></a>test_02_assertEquals_Negative</td></tr>
<tr class="b">
<td></td>
<td>org.junit.ComparisonFailure: String not the same expected:&lt;Testing [TestNG6]&gt; but was:&lt;Testing [Junit4]&gt;</td></tr>
<tr class="a">
<td></td>
<td>
<div id="test_02_assertEquals_Negativeerror">core.MyAppTest:37</div></td></tr>
<tr class="b">
<td><img src="images/icon_error_sml.gif" alt="" /></td>
<td><a name="core.MyAppTest.test_05_assertSame_Negative"></a>test_05_assertSame_Negative</td></tr>
<tr class="a">
<td></td>
<td>java.lang.AssertionError: Integer not the same expected same:&lt;22&gt; was not:&lt;33&gt;</td></tr>
<tr class="b">
<td></td>
<td>
<div id="test_05_assertSame_Negativeerror">core.MyAppTest:54</div></td></tr>
<tr class="a">
<td><img src="images/icon_warning_sml.gif" alt="" /></td>
<td><a name="core.MyAppTest.test_03_assertEquals_Ignored"></a>test_03_assertEquals_Ignored</td></tr>
<tr class="b">
<td></td>
<td>skipped: skipped</td></tr>
<tr class="a">
<td><img src="images/icon_error_sml.gif" alt="" /></td>
<td><a name="core.MyAppTest.test_10_assertTrue_Negative"></a>test_10_assertTrue_Negative</td></tr>
<tr class="b">
<td></td>
<td>java.lang.AssertionError: Boolean should be true</td></tr>
<tr class="a">
<td></td>
<td>
<div id="test_10_assertTrue_Negativeerror">core.MyAppTest:81</div></td></tr>
<tr class="b">
<td><img src="images/icon_warning_sml.gif" alt="" /></td>
<td><a name="core.MyAppTest.test_06_assertSame_Ignored"></a>test_06_assertSame_Ignored</td></tr>
<tr class="a">
<td></td>
<td>skipped: skipped</td></tr>
<tr class="b">
<td><img src="images/icon_error_sml.gif" alt="" /></td>
<td><a name="core.MyAppTest.test_08_assertFalse_Negative"></a>test_08_assertFalse_Negative</td></tr>
<tr class="a">
<td></td>
<td>java.lang.AssertionError: Boolean should be false</td></tr>
<tr class="b">
<td></td>
<td>
<div id="test_08_assertFalse_Negativeerror">core.MyAppTest:71</div></td></tr></table><br /></div>
      </div>
    </div>
    <div class="clear">
      <hr/>
    </div>
    <div id="footer">
      <div class="xright">
              Copyright &#169;                   2016.
          All Rights Reserved.      
                    
                  </div>
      <div class="clear">
        <hr/>
      </div>
    </div>
  </body>
</html>
